<?xml version="1.0" encoding="UTF-8"?>
<!-- Generated by org.testng.reporters.JUnitXMLReporter -->
<testsuite hostname="HELLO-MORNING.local" ignored="0" name="ANDROID BACH" tests="3" failures="0" timestamp="03 Jul 2021 05:55:09 GMT" time="37.653" errors="0">
  <testcase name="invalidPassword" time="5.474" classname="Tests.LoginTests"/>
  <testcase name="invalidUserName" time="5.56" classname="Tests.LoginTests"/>
  <testcase name="sucessfulLogin" time="4.661" classname="Tests.LoginTests"/>
</testsuite> <!-- ANDROID BACH -->
