<?xml version="1.0" encoding="UTF-8"?>
<testsuite xmlns:xsi="http://www.w3.org/2001/XMLSchema-instance" xsi:noNamespaceSchemaLocation="https://maven.apache.org/surefire/maven-surefire-plugin/xsd/surefire-test-report.xsd" name="TestSuite" time="38.571" tests="3" errors="0" skipped="0" failures="0">
  <properties>
[...]
</properties>
  <testcase name="invalidPassword" classname="Tests.LoginTests" time="5.986"/>
  <testcase name="invalidUserName" classname="Tests.LoginTests" time="6.167"/>
  <testcase name="sucessfulLogin" classname="Tests.LoginTests" time="5.256"/>
</testsuite>