<?xml version="1.0" encoding="UTF-8"?>
<testng-results skipped="0" failed="0" ignored="0" total="1" passed="1">
  <reporter-output>
    <line>
      <![CDATA[This is the sample screenshot]]>
    </line>
    <line>
      <![CDATA[<a href='/Users/bachvu/Desktop/PageObject/Screenshots/Android_Any device name/2021-06-15-20-15-32/LoginTests/sucessfulLogin.png'> <img src='/Users/bachvu/Desktop/PageObject/Screenshots/Android_Any device name/2021-06-15-20-15-32/LoginTests/sucessfulLogin.png' height='400' width='400'/> </a>]]>
    </line>
  </reporter-output>
  <suite name="Suite" duration-ms="25114" started-at="2021-06-15T13:15:32Z" finished-at="2021-06-15T13:15:58Z">
    <groups>
    </groups>
    <test name="ANDROID BACH" duration-ms="25114" started-at="2021-06-15T13:15:32Z" finished-at="2021-06-15T13:15:58Z">
      <class name="Tests.LoginTests">
        <test-method status="PASS" signature="beforeTest(java.lang.String, java.lang.String, java.lang.String, java.lang.String, java.lang.String, java.lang.String, java.lang.String, java.lang.String)[pri:0, instance:Tests.LoginTests@7e2d773b]" name="beforeTest" is-config="true" duration-ms="15088" started-at="2021-06-15T13:15:32Z" finished-at="2021-06-15T13:15:47Z">
          <params>
            <param index="0">
              <value>
                <![CDATA[androidOnly]]>
              </value>
            </param>
            <param index="1">
              <value>
                <![CDATA[Android]]>
              </value>
            </param>
            <param index="2">
              <value>
                <![CDATA[R58MB0T56ZA]]>
              </value>
            </param>
            <param index="3">
              <value>
                <![CDATA[Any device name]]>
              </value>
            </param>
            <param index="4">
              <value>
                <![CDATA[10000]]>
              </value>
            </param>
            <param index="5">
              <value>
                <![CDATA[11000]]>
              </value>
            </param>
            <param index="6">
              <value>
                <![CDATA[iOSOnly]]>
              </value>
            </param>
            <param index="7">
              <value>
                <![CDATA[iOSOnly]]>
              </value>
            </param>
          </params>
          <reporter-output>
          </reporter-output>
        </test-method> <!-- beforeTest -->
        <test-method status="PASS" signature="beforeClass()[pri:0, instance:Tests.LoginTests@7e2d773b]" name="beforeClass" is-config="true" duration-ms="0" started-at="2021-06-15T13:15:47Z" finished-at="2021-06-15T13:15:47Z">
          <reporter-output>
          </reporter-output>
        </test-method> <!-- beforeClass -->
        <test-method status="PASS" signature="beforeMethod()[pri:0, instance:Tests.LoginTests@7e2d773b]" name="beforeMethod" is-config="true" duration-ms="573" started-at="2021-06-15T13:15:47Z" finished-at="2021-06-15T13:15:48Z">
          <reporter-output>
          </reporter-output>
        </test-method> <!-- beforeMethod -->
        <test-method status="PASS" signature="beforeMethod(java.lang.reflect.Method)[pri:0, instance:Tests.LoginTests@7e2d773b]" name="beforeMethod" is-config="true" duration-ms="192" started-at="2021-06-15T13:15:48Z" finished-at="2021-06-15T13:15:48Z">
          <params>
            <param index="0">
              <value>
                <![CDATA[public void Tests.LoginTests.sucessfulLogin()]]>
              </value>
            </param>
          </params>
          <reporter-output>
          </reporter-output>
        </test-method> <!-- beforeMethod -->
        <test-method status="PASS" signature="sucessfulLogin()[pri:0, instance:Tests.LoginTests@7e2d773b]" name="sucessfulLogin" duration-ms="6054" started-at="2021-06-15T13:15:48Z" finished-at="2021-06-15T13:15:54Z">
          <reporter-output>
            <line>
              <![CDATA[This is the sample screenshot]]>
            </line>
            <line>
              <![CDATA[<a href='/Users/bachvu/Desktop/PageObject/Screenshots/Android_Any device name/2021-06-15-20-15-32/LoginTests/sucessfulLogin.png'> <img src='/Users/bachvu/Desktop/PageObject/Screenshots/Android_Any device name/2021-06-15-20-15-32/LoginTests/sucessfulLogin.png' height='400' width='400'/> </a>]]>
            </line>
          </reporter-output>
        </test-method> <!-- sucessfulLogin -->
        <test-method status="PASS" signature="afterMethod(org.testng.ITestResult)[pri:0, instance:Tests.LoginTests@7e2d773b]" name="afterMethod" is-config="true" duration-ms="1191" started-at="2021-06-15T13:15:56Z" finished-at="2021-06-15T13:15:57Z">
          <params>
            <param index="0">
              <value>
                <![CDATA[[TestResult name=sucessfulLogin status=SUCCESS method=LoginTests.sucessfulLogin()[pri:0, instance:Tests.LoginTests@7e2d773b] output=This is the sample screenshot]]]>
              </value>
            </param>
          </params>
          <reporter-output>
          </reporter-output>
        </test-method> <!-- afterMethod -->
        <test-method status="PASS" signature="afterMethod()[pri:0, instance:Tests.LoginTests@7e2d773b]" name="afterMethod" is-config="true" duration-ms="0" started-at="2021-06-15T13:15:56Z" finished-at="2021-06-15T13:15:56Z">
          <reporter-output>
          </reporter-output>
        </test-method> <!-- afterMethod -->
        <test-method status="PASS" signature="afterTest()[pri:0, instance:Tests.LoginTests@7e2d773b]" name="afterTest" is-config="true" duration-ms="398" started-at="2021-06-15T13:15:57Z" finished-at="2021-06-15T13:15:58Z">
          <reporter-output>
          </reporter-output>
        </test-method> <!-- afterTest -->
      </class> <!-- Tests.LoginTests -->
    </test> <!-- ANDROID BACH -->
  </suite> <!-- Suite -->
</testng-results>
