<?xml version="1.0" encoding="UTF-8"?>
<!-- Generated by org.testng.reporters.JUnitXMLReporter -->
<testsuite hostname="HELLO-MORNING.local" ignored="0" name="Command line test" tests="1" failures="0" timestamp="15 Jun 2021 14:35:00 GMT" time="0.026" errors="0">
  <testcase name="@BeforeTest beforeTest" time="0.0" classname="Base.BaseTest">
    <failure type="org.testng.TestNGException" message="
Parameter &amp;apos;platformName&amp;apos; is required by BeforeTest on method beforeTest but has not been marked @Optional or defined
">
      <![CDATA[org.testng.TestNGException: 
Parameter 'platformName' is required by BeforeTest on method beforeTest but has not been marked @Optional or defined

... Removed 30 stack frames]]>
    </failure>
  </testcase> <!-- @BeforeTest beforeTest -->
  <testcase name="@BeforeClass beforeClass" time="0.0" classname="Tests.LoginTests">
    <skipped/>
  </testcase> <!-- @BeforeClass beforeClass -->
  <testcase name="@BeforeMethod beforeMethod" time="0.0" classname="Base.BaseTest">
    <skipped/>
  </testcase> <!-- @BeforeMethod beforeMethod -->
  <testcase name="@BeforeMethod beforeMethod" time="0.0" classname="Tests.LoginTests">
    <skipped/>
  </testcase> <!-- @BeforeMethod beforeMethod -->
  <testcase name="@AfterMethod afterMethod" time="0.0" classname="Tests.LoginTests">
    <skipped/>
  </testcase> <!-- @AfterMethod afterMethod -->
  <testcase name="@AfterMethod afterMethod" time="0.0" classname="Base.BaseTest">
    <skipped/>
  </testcase> <!-- @AfterMethod afterMethod -->
  <testcase name="@AfterTest afterTest" time="0.0" classname="Base.BaseTest">
    <skipped/>
  </testcase> <!-- @AfterTest afterTest -->
  <testcase name="sucessfulLogin" time="0.0" classname="Tests.LoginTests">
    <skipped/>
  </testcase> <!-- sucessfulLogin -->
</testsuite> <!-- Command line test -->
